2025-04-23 12:52:33,745 : INFO : Word2Vec lifecycle event {'params': 'Word2Vec<vocab=0, vector_size=320, alpha=0.025>', 'datetime': '2025-04-23T12:52:33.744834', 'gensim': '4.2.0', 'python': '3.7.12 | packaged by conda-forge | (default, Oct 26 2021, 06:08:53) \n[GCC 9.4.0]', 'platform': 'Linux-5.4.0-144-generic-x86_64-with-debian-bullseye-sid', 'event': 'created'}
2025-04-23 12:52:33,745 : INFO : collecting all words and their counts
2025-04-23 12:52:33,745 : INFO : PROGRESS: at sentence #0, processed 0 words, keeping 0 word types
2025-04-23 12:52:33,749 : INFO : collected 7839 word types from a corpus of 8906 raw words and 482 sentences
2025-04-23 12:52:33,749 : INFO : Creating a fresh vocabulary
2025-04-23 12:52:33,751 : INFO : Word2Vec lifecycle event {'msg': 'effective_min_count=4 retains 80 unique words (1.02% of original 7839, drops 7759)', 'datetime': '2025-04-23T12:52:33.751537', 'gensim': '4.2.0', 'python': '3.7.12 | packaged by conda-forge | (default, Oct 26 2021, 06:08:53) \n[GCC 9.4.0]', 'platform': 'Linux-5.4.0-144-generic-x86_64-with-debian-bullseye-sid', 'event': 'prepare_vocab'}
2025-04-23 12:52:33,751 : INFO : Word2Vec lifecycle event {'msg': 'effective_min_count=4 leaves 455 word corpus (5.11% of original 8906, drops 8451)', 'datetime': '2025-04-23T12:52:33.751604', 'gensim': '4.2.0', 'python': '3.7.12 | packaged by conda-forge | (default, Oct 26 2021, 06:08:53) \n[GCC 9.4.0]', 'platform': 'Linux-5.4.0-144-generic-x86_64-with-debian-bullseye-sid', 'event': 'prepare_vocab'}
2025-04-23 12:52:33,752 : INFO : deleting the raw counts dictionary of 7839 items
2025-04-23 12:52:33,752 : INFO : sample=0.001 downsamples 80 most-common words
2025-04-23 12:52:33,752 : INFO : Word2Vec lifecycle event {'msg': 'downsampling leaves estimated 162.69553705790148 word corpus (35.8%% of prior 455)', 'datetime': '2025-04-23T12:52:33.752318', 'gensim': '4.2.0', 'python': '3.7.12 | packaged by conda-forge | (default, Oct 26 2021, 06:08:53) \n[GCC 9.4.0]', 'platform': 'Linux-5.4.0-144-generic-x86_64-with-debian-bullseye-sid', 'event': 'prepare_vocab'}
2025-04-23 12:52:33,753 : INFO : estimated required memory for 80 words and 320 dimensions: 244800 bytes
2025-04-23 12:52:33,753 : INFO : resetting layer weights
2025-04-23 12:52:33,753 : INFO : Word2Vec lifecycle event {'update': False, 'trim_rule': 'None', 'datetime': '2025-04-23T12:52:33.753623', 'gensim': '4.2.0', 'python': '3.7.12 | packaged by conda-forge | (default, Oct 26 2021, 06:08:53) \n[GCC 9.4.0]', 'platform': 'Linux-5.4.0-144-generic-x86_64-with-debian-bullseye-sid', 'event': 'build_vocab'}
2025-04-23 12:52:33,753 : INFO : Word2Vec lifecycle event {'msg': 'training model with 56 workers on 80 vocabulary and 320 features, using sg=1 hs=0 sample=0.001 negative=5 window=5 shrink_windows=True', 'datetime': '2025-04-23T12:52:33.753713', 'gensim': '4.2.0', 'python': '3.7.12 | packaged by conda-forge | (default, Oct 26 2021, 06:08:53) \n[GCC 9.4.0]', 'platform': 'Linux-5.4.0-144-generic-x86_64-with-debian-bullseye-sid', 'event': 'train'}
2025-04-23 12:52:33,784 : INFO : EPOCH 0: training on 8906 raw words (153 effective words) took 0.0s, 20548 effective words/s
2025-04-23 12:52:33,806 : INFO : EPOCH 1: training on 8906 raw words (157 effective words) took 0.0s, 24194 effective words/s
2025-04-23 12:52:33,827 : INFO : EPOCH 2: training on 8906 raw words (152 effective words) took 0.0s, 26434 effective words/s
2025-04-23 12:52:33,847 : INFO : EPOCH 3: training on 8906 raw words (177 effective words) took 0.0s, 27912 effective words/s
2025-04-23 12:52:33,867 : INFO : EPOCH 4: training on 8906 raw words (145 effective words) took 0.0s, 26539 effective words/s
2025-04-23 12:52:33,867 : INFO : Word2Vec lifecycle event {'msg': 'training on 44530 raw words (784 effective words) took 0.1s, 6881 effective words/s', 'datetime': '2025-04-23T12:52:33.867721', 'gensim': '4.2.0', 'python': '3.7.12 | packaged by conda-forge | (default, Oct 26 2021, 06:08:53) \n[GCC 9.4.0]', 'platform': 'Linux-5.4.0-144-generic-x86_64-with-debian-bullseye-sid', 'event': 'train'}
2025-04-23 12:52:33,867 : INFO : Word2Vec lifecycle event {'fname_or_handle': '/root/fsas/Project/ESM-G2V/Example_Data/Metagenome/G2V/G2V.w2v', 'separately': 'None', 'sep_limit': 10485760, 'ignore': frozenset(), 'datetime': '2025-04-23T12:52:33.867951', 'gensim': '4.2.0', 'python': '3.7.12 | packaged by conda-forge | (default, Oct 26 2021, 06:08:53) \n[GCC 9.4.0]', 'platform': 'Linux-5.4.0-144-generic-x86_64-with-debian-bullseye-sid', 'event': 'saving'}
2025-04-23 12:52:33,868 : INFO : not storing attribute cum_table
2025-04-23 12:52:33,880 : INFO : saved /root/fsas/Project/ESM-G2V/Example_Data/Metagenome/G2V/G2V.w2v
2025-07-24 04:03:38,215 : INFO : Word2Vec lifecycle event {'params': 'Word2Vec<vocab=0, vector_size=320, alpha=0.025>', 'datetime': '2025-07-24T04:03:38.214793', 'gensim': '4.2.0', 'python': '3.7.12 | packaged by conda-forge | (default, Oct 26 2021, 06:08:53) \n[GCC 9.4.0]', 'platform': 'Linux-5.4.0-144-generic-x86_64-with-debian-bullseye-sid', 'event': 'created'}
2025-07-24 04:03:38,215 : INFO : collecting all words and their counts
2025-07-24 04:03:38,215 : INFO : PROGRESS: at sentence #0, processed 0 words, keeping 0 word types
2025-07-24 04:03:38,220 : INFO : collected 7839 word types from a corpus of 8906 raw words and 482 sentences
2025-07-24 04:03:38,220 : INFO : Creating a fresh vocabulary
2025-07-24 04:03:38,222 : INFO : Word2Vec lifecycle event {'msg': 'effective_min_count=4 retains 80 unique words (1.02% of original 7839, drops 7759)', 'datetime': '2025-07-24T04:03:38.222977', 'gensim': '4.2.0', 'python': '3.7.12 | packaged by conda-forge | (default, Oct 26 2021, 06:08:53) \n[GCC 9.4.0]', 'platform': 'Linux-5.4.0-144-generic-x86_64-with-debian-bullseye-sid', 'event': 'prepare_vocab'}
2025-07-24 04:03:38,223 : INFO : Word2Vec lifecycle event {'msg': 'effective_min_count=4 leaves 455 word corpus (5.11% of original 8906, drops 8451)', 'datetime': '2025-07-24T04:03:38.223030', 'gensim': '4.2.0', 'python': '3.7.12 | packaged by conda-forge | (default, Oct 26 2021, 06:08:53) \n[GCC 9.4.0]', 'platform': 'Linux-5.4.0-144-generic-x86_64-with-debian-bullseye-sid', 'event': 'prepare_vocab'}
2025-07-24 04:03:38,223 : INFO : deleting the raw counts dictionary of 7839 items
2025-07-24 04:03:38,223 : INFO : sample=0.001 downsamples 80 most-common words
2025-07-24 04:03:38,223 : INFO : Word2Vec lifecycle event {'msg': 'downsampling leaves estimated 162.69553705790148 word corpus (35.8%% of prior 455)', 'datetime': '2025-07-24T04:03:38.223559', 'gensim': '4.2.0', 'python': '3.7.12 | packaged by conda-forge | (default, Oct 26 2021, 06:08:53) \n[GCC 9.4.0]', 'platform': 'Linux-5.4.0-144-generic-x86_64-with-debian-bullseye-sid', 'event': 'prepare_vocab'}
2025-07-24 04:03:38,224 : INFO : estimated required memory for 80 words and 320 dimensions: 244800 bytes
2025-07-24 04:03:38,224 : INFO : resetting layer weights
2025-07-24 04:03:38,224 : INFO : Word2Vec lifecycle event {'update': False, 'trim_rule': 'None', 'datetime': '2025-07-24T04:03:38.224673', 'gensim': '4.2.0', 'python': '3.7.12 | packaged by conda-forge | (default, Oct 26 2021, 06:08:53) \n[GCC 9.4.0]', 'platform': 'Linux-5.4.0-144-generic-x86_64-with-debian-bullseye-sid', 'event': 'build_vocab'}
2025-07-24 04:03:38,224 : INFO : Word2Vec lifecycle event {'msg': 'training model with 56 workers on 80 vocabulary and 320 features, using sg=1 hs=0 sample=0.001 negative=5 window=5 shrink_windows=True', 'datetime': '2025-07-24T04:03:38.224752', 'gensim': '4.2.0', 'python': '3.7.12 | packaged by conda-forge | (default, Oct 26 2021, 06:08:53) \n[GCC 9.4.0]', 'platform': 'Linux-5.4.0-144-generic-x86_64-with-debian-bullseye-sid', 'event': 'train'}
2025-07-24 04:03:38,251 : INFO : EPOCH 0: training on 8906 raw words (153 effective words) took 0.0s, 20912 effective words/s
2025-07-24 04:03:38,274 : INFO : EPOCH 1: training on 8906 raw words (157 effective words) took 0.0s, 24835 effective words/s
2025-07-24 04:03:38,295 : INFO : EPOCH 2: training on 8906 raw words (152 effective words) took 0.0s, 27038 effective words/s
2025-07-24 04:03:38,315 : INFO : EPOCH 3: training on 8906 raw words (177 effective words) took 0.0s, 32153 effective words/s
2025-07-24 04:03:38,335 : INFO : EPOCH 4: training on 8906 raw words (145 effective words) took 0.0s, 26286 effective words/s
2025-07-24 04:03:38,336 : INFO : Word2Vec lifecycle event {'msg': 'training on 44530 raw words (784 effective words) took 0.1s, 7050 effective words/s', 'datetime': '2025-07-24T04:03:38.336015', 'gensim': '4.2.0', 'python': '3.7.12 | packaged by conda-forge | (default, Oct 26 2021, 06:08:53) \n[GCC 9.4.0]', 'platform': 'Linux-5.4.0-144-generic-x86_64-with-debian-bullseye-sid', 'event': 'train'}
2025-07-24 04:03:38,336 : INFO : Word2Vec lifecycle event {'fname_or_handle': '/root/fsas/Project/ESM-G2V/Example_Data/Metagenome/G2V/G2V.w2v', 'separately': 'None', 'sep_limit': 10485760, 'ignore': frozenset(), 'datetime': '2025-07-24T04:03:38.336195', 'gensim': '4.2.0', 'python': '3.7.12 | packaged by conda-forge | (default, Oct 26 2021, 06:08:53) \n[GCC 9.4.0]', 'platform': 'Linux-5.4.0-144-generic-x86_64-with-debian-bullseye-sid', 'event': 'saving'}
2025-07-24 04:03:38,336 : INFO : not storing attribute cum_table
2025-07-24 04:03:38,350 : INFO : saved /root/fsas/Project/ESM-G2V/Example_Data/Metagenome/G2V/G2V.w2v
2025-07-24 04:23:15,589 : INFO : Word2Vec lifecycle event {'params': 'Word2Vec<vocab=0, vector_size=320, alpha=0.025>', 'datetime': '2025-07-24T04:23:15.588840', 'gensim': '4.2.0', 'python': '3.7.12 | packaged by conda-forge | (default, Oct 26 2021, 06:08:53) \n[GCC 9.4.0]', 'platform': 'Linux-5.4.0-144-generic-x86_64-with-debian-bullseye-sid', 'event': 'created'}
2025-07-24 04:23:15,589 : INFO : collecting all words and their counts
2025-07-24 04:23:15,589 : INFO : PROGRESS: at sentence #0, processed 0 words, keeping 0 word types
2025-07-24 04:23:15,593 : INFO : collected 7839 word types from a corpus of 8906 raw words and 482 sentences
2025-07-24 04:23:15,594 : INFO : Creating a fresh vocabulary
2025-07-24 04:23:15,597 : INFO : Word2Vec lifecycle event {'msg': 'effective_min_count=4 retains 80 unique words (1.02% of original 7839, drops 7759)', 'datetime': '2025-07-24T04:23:15.597845', 'gensim': '4.2.0', 'python': '3.7.12 | packaged by conda-forge | (default, Oct 26 2021, 06:08:53) \n[GCC 9.4.0]', 'platform': 'Linux-5.4.0-144-generic-x86_64-with-debian-bullseye-sid', 'event': 'prepare_vocab'}
2025-07-24 04:23:15,597 : INFO : Word2Vec lifecycle event {'msg': 'effective_min_count=4 leaves 455 word corpus (5.11% of original 8906, drops 8451)', 'datetime': '2025-07-24T04:23:15.597950', 'gensim': '4.2.0', 'python': '3.7.12 | packaged by conda-forge | (default, Oct 26 2021, 06:08:53) \n[GCC 9.4.0]', 'platform': 'Linux-5.4.0-144-generic-x86_64-with-debian-bullseye-sid', 'event': 'prepare_vocab'}
2025-07-24 04:23:15,598 : INFO : deleting the raw counts dictionary of 7839 items
2025-07-24 04:23:15,599 : INFO : sample=0.001 downsamples 80 most-common words
2025-07-24 04:23:15,599 : INFO : Word2Vec lifecycle event {'msg': 'downsampling leaves estimated 162.69553705790148 word corpus (35.8%% of prior 455)', 'datetime': '2025-07-24T04:23:15.599111', 'gensim': '4.2.0', 'python': '3.7.12 | packaged by conda-forge | (default, Oct 26 2021, 06:08:53) \n[GCC 9.4.0]', 'platform': 'Linux-5.4.0-144-generic-x86_64-with-debian-bullseye-sid', 'event': 'prepare_vocab'}
2025-07-24 04:23:15,600 : INFO : estimated required memory for 80 words and 320 dimensions: 244800 bytes
2025-07-24 04:23:15,600 : INFO : resetting layer weights
2025-07-24 04:23:15,601 : INFO : Word2Vec lifecycle event {'update': False, 'trim_rule': 'None', 'datetime': '2025-07-24T04:23:15.601227', 'gensim': '4.2.0', 'python': '3.7.12 | packaged by conda-forge | (default, Oct 26 2021, 06:08:53) \n[GCC 9.4.0]', 'platform': 'Linux-5.4.0-144-generic-x86_64-with-debian-bullseye-sid', 'event': 'build_vocab'}
2025-07-24 04:23:15,601 : INFO : Word2Vec lifecycle event {'msg': 'training model with 56 workers on 80 vocabulary and 320 features, using sg=1 hs=0 sample=0.001 negative=5 window=5 shrink_windows=True', 'datetime': '2025-07-24T04:23:15.601375', 'gensim': '4.2.0', 'python': '3.7.12 | packaged by conda-forge | (default, Oct 26 2021, 06:08:53) \n[GCC 9.4.0]', 'platform': 'Linux-5.4.0-144-generic-x86_64-with-debian-bullseye-sid', 'event': 'train'}
2025-07-24 04:23:15,629 : INFO : EPOCH 0: training on 8906 raw words (153 effective words) took 0.0s, 21074 effective words/s
2025-07-24 04:23:15,652 : INFO : EPOCH 1: training on 8906 raw words (157 effective words) took 0.0s, 23270 effective words/s
2025-07-24 04:23:15,671 : INFO : EPOCH 2: training on 8906 raw words (152 effective words) took 0.0s, 26617 effective words/s
2025-07-24 04:23:15,690 : INFO : EPOCH 3: training on 8906 raw words (177 effective words) took 0.0s, 29976 effective words/s
2025-07-24 04:23:15,708 : INFO : EPOCH 4: training on 8906 raw words (145 effective words) took 0.0s, 30937 effective words/s
2025-07-24 04:23:15,709 : INFO : Word2Vec lifecycle event {'msg': 'training on 44530 raw words (784 effective words) took 0.1s, 7276 effective words/s', 'datetime': '2025-07-24T04:23:15.709250', 'gensim': '4.2.0', 'python': '3.7.12 | packaged by conda-forge | (default, Oct 26 2021, 06:08:53) \n[GCC 9.4.0]', 'platform': 'Linux-5.4.0-144-generic-x86_64-with-debian-bullseye-sid', 'event': 'train'}
2025-07-24 04:23:15,709 : INFO : Word2Vec lifecycle event {'fname_or_handle': '/root/fsas/Project/ESM-G2V/Example_Data/Metagenome/G2V/G2V.w2v', 'separately': 'None', 'sep_limit': 10485760, 'ignore': frozenset(), 'datetime': '2025-07-24T04:23:15.709525', 'gensim': '4.2.0', 'python': '3.7.12 | packaged by conda-forge | (default, Oct 26 2021, 06:08:53) \n[GCC 9.4.0]', 'platform': 'Linux-5.4.0-144-generic-x86_64-with-debian-bullseye-sid', 'event': 'saving'}
2025-07-24 04:23:15,709 : INFO : not storing attribute cum_table
2025-07-24 04:23:15,724 : INFO : saved /root/fsas/Project/ESM-G2V/Example_Data/Metagenome/G2V/G2V.w2v
2025-07-24 04:44:40,904 : INFO : Word2Vec lifecycle event {'params': 'Word2Vec<vocab=0, vector_size=320, alpha=0.025>', 'datetime': '2025-07-24T04:44:40.903507', 'gensim': '4.2.0', 'python': '3.7.12 | packaged by conda-forge | (default, Oct 26 2021, 06:08:53) \n[GCC 9.4.0]', 'platform': 'Linux-5.4.0-144-generic-x86_64-with-debian-bullseye-sid', 'event': 'created'}
2025-07-24 04:44:40,904 : INFO : collecting all words and their counts
2025-07-24 04:44:40,904 : INFO : PROGRESS: at sentence #0, processed 0 words, keeping 0 word types
2025-07-24 04:44:40,907 : INFO : collected 7839 word types from a corpus of 8906 raw words and 482 sentences
2025-07-24 04:44:40,907 : INFO : Creating a fresh vocabulary
2025-07-24 04:44:40,910 : INFO : Word2Vec lifecycle event {'msg': 'effective_min_count=4 retains 80 unique words (1.02% of original 7839, drops 7759)', 'datetime': '2025-07-24T04:44:40.910401', 'gensim': '4.2.0', 'python': '3.7.12 | packaged by conda-forge | (default, Oct 26 2021, 06:08:53) \n[GCC 9.4.0]', 'platform': 'Linux-5.4.0-144-generic-x86_64-with-debian-bullseye-sid', 'event': 'prepare_vocab'}
2025-07-24 04:44:40,910 : INFO : Word2Vec lifecycle event {'msg': 'effective_min_count=4 leaves 455 word corpus (5.11% of original 8906, drops 8451)', 'datetime': '2025-07-24T04:44:40.910466', 'gensim': '4.2.0', 'python': '3.7.12 | packaged by conda-forge | (default, Oct 26 2021, 06:08:53) \n[GCC 9.4.0]', 'platform': 'Linux-5.4.0-144-generic-x86_64-with-debian-bullseye-sid', 'event': 'prepare_vocab'}
2025-07-24 04:44:40,910 : INFO : deleting the raw counts dictionary of 7839 items
2025-07-24 04:44:40,911 : INFO : sample=0.001 downsamples 80 most-common words
2025-07-24 04:44:40,911 : INFO : Word2Vec lifecycle event {'msg': 'downsampling leaves estimated 162.69553705790148 word corpus (35.8%% of prior 455)', 'datetime': '2025-07-24T04:44:40.911144', 'gensim': '4.2.0', 'python': '3.7.12 | packaged by conda-forge | (default, Oct 26 2021, 06:08:53) \n[GCC 9.4.0]', 'platform': 'Linux-5.4.0-144-generic-x86_64-with-debian-bullseye-sid', 'event': 'prepare_vocab'}
2025-07-24 04:44:40,912 : INFO : estimated required memory for 80 words and 320 dimensions: 244800 bytes
2025-07-24 04:44:40,912 : INFO : resetting layer weights
2025-07-24 04:44:40,912 : INFO : Word2Vec lifecycle event {'update': False, 'trim_rule': 'None', 'datetime': '2025-07-24T04:44:40.912395', 'gensim': '4.2.0', 'python': '3.7.12 | packaged by conda-forge | (default, Oct 26 2021, 06:08:53) \n[GCC 9.4.0]', 'platform': 'Linux-5.4.0-144-generic-x86_64-with-debian-bullseye-sid', 'event': 'build_vocab'}
2025-07-24 04:44:40,912 : INFO : Word2Vec lifecycle event {'msg': 'training model with 56 workers on 80 vocabulary and 320 features, using sg=1 hs=0 sample=0.001 negative=5 window=5 shrink_windows=True', 'datetime': '2025-07-24T04:44:40.912483', 'gensim': '4.2.0', 'python': '3.7.12 | packaged by conda-forge | (default, Oct 26 2021, 06:08:53) \n[GCC 9.4.0]', 'platform': 'Linux-5.4.0-144-generic-x86_64-with-debian-bullseye-sid', 'event': 'train'}
2025-07-24 04:44:40,936 : INFO : EPOCH 0: training on 8906 raw words (153 effective words) took 0.0s, 26624 effective words/s
2025-07-24 04:44:40,956 : INFO : EPOCH 1: training on 8906 raw words (157 effective words) took 0.0s, 30785 effective words/s
2025-07-24 04:44:40,975 : INFO : EPOCH 2: training on 8906 raw words (152 effective words) took 0.0s, 28556 effective words/s
2025-07-24 04:44:40,996 : INFO : EPOCH 3: training on 8906 raw words (177 effective words) took 0.0s, 31739 effective words/s
2025-07-24 04:44:41,015 : INFO : EPOCH 4: training on 8906 raw words (145 effective words) took 0.0s, 26791 effective words/s
2025-07-24 04:44:41,015 : INFO : Word2Vec lifecycle event {'msg': 'training on 44530 raw words (784 effective words) took 0.1s, 7605 effective words/s', 'datetime': '2025-07-24T04:44:41.015633', 'gensim': '4.2.0', 'python': '3.7.12 | packaged by conda-forge | (default, Oct 26 2021, 06:08:53) \n[GCC 9.4.0]', 'platform': 'Linux-5.4.0-144-generic-x86_64-with-debian-bullseye-sid', 'event': 'train'}
2025-07-24 04:44:41,015 : INFO : Word2Vec lifecycle event {'fname_or_handle': '/root/fsas/Project/ESM-G2V/Example_Data/Metagenome/G2V/G2V.w2v', 'separately': 'None', 'sep_limit': 10485760, 'ignore': frozenset(), 'datetime': '2025-07-24T04:44:41.015828', 'gensim': '4.2.0', 'python': '3.7.12 | packaged by conda-forge | (default, Oct 26 2021, 06:08:53) \n[GCC 9.4.0]', 'platform': 'Linux-5.4.0-144-generic-x86_64-with-debian-bullseye-sid', 'event': 'saving'}
2025-07-24 04:44:41,016 : INFO : not storing attribute cum_table
2025-07-24 04:44:41,029 : INFO : saved /root/fsas/Project/ESM-G2V/Example_Data/Metagenome/G2V/G2V.w2v
2025-07-24 10:18:32,189 : INFO : Word2Vec lifecycle event {'params': 'Word2Vec<vocab=0, vector_size=320, alpha=0.025>', 'datetime': '2025-07-24T10:18:32.189408', 'gensim': '4.2.0', 'python': '3.7.12 | packaged by conda-forge | (default, Oct 26 2021, 06:08:53) \n[GCC 9.4.0]', 'platform': 'Linux-5.4.0-144-generic-x86_64-with-debian-bullseye-sid', 'event': 'created'}
2025-07-24 10:18:32,190 : INFO : collecting all words and their counts
2025-07-24 10:18:32,190 : INFO : PROGRESS: at sentence #0, processed 0 words, keeping 0 word types
2025-07-24 10:18:32,193 : INFO : collected 7839 word types from a corpus of 8906 raw words and 482 sentences
2025-07-24 10:18:32,193 : INFO : Creating a fresh vocabulary
2025-07-24 10:18:32,196 : INFO : Word2Vec lifecycle event {'msg': 'effective_min_count=4 retains 80 unique words (1.02% of original 7839, drops 7759)', 'datetime': '2025-07-24T10:18:32.196082', 'gensim': '4.2.0', 'python': '3.7.12 | packaged by conda-forge | (default, Oct 26 2021, 06:08:53) \n[GCC 9.4.0]', 'platform': 'Linux-5.4.0-144-generic-x86_64-with-debian-bullseye-sid', 'event': 'prepare_vocab'}
2025-07-24 10:18:32,196 : INFO : Word2Vec lifecycle event {'msg': 'effective_min_count=4 leaves 455 word corpus (5.11% of original 8906, drops 8451)', 'datetime': '2025-07-24T10:18:32.196152', 'gensim': '4.2.0', 'python': '3.7.12 | packaged by conda-forge | (default, Oct 26 2021, 06:08:53) \n[GCC 9.4.0]', 'platform': 'Linux-5.4.0-144-generic-x86_64-with-debian-bullseye-sid', 'event': 'prepare_vocab'}
2025-07-24 10:18:32,196 : INFO : deleting the raw counts dictionary of 7839 items
2025-07-24 10:18:32,196 : INFO : sample=0.001 downsamples 80 most-common words
2025-07-24 10:18:32,196 : INFO : Word2Vec lifecycle event {'msg': 'downsampling leaves estimated 162.69553705790148 word corpus (35.8%% of prior 455)', 'datetime': '2025-07-24T10:18:32.196927', 'gensim': '4.2.0', 'python': '3.7.12 | packaged by conda-forge | (default, Oct 26 2021, 06:08:53) \n[GCC 9.4.0]', 'platform': 'Linux-5.4.0-144-generic-x86_64-with-debian-bullseye-sid', 'event': 'prepare_vocab'}
2025-07-24 10:18:32,197 : INFO : estimated required memory for 80 words and 320 dimensions: 244800 bytes
2025-07-24 10:18:32,197 : INFO : resetting layer weights
2025-07-24 10:18:32,198 : INFO : Word2Vec lifecycle event {'update': False, 'trim_rule': 'None', 'datetime': '2025-07-24T10:18:32.198027', 'gensim': '4.2.0', 'python': '3.7.12 | packaged by conda-forge | (default, Oct 26 2021, 06:08:53) \n[GCC 9.4.0]', 'platform': 'Linux-5.4.0-144-generic-x86_64-with-debian-bullseye-sid', 'event': 'build_vocab'}
2025-07-24 10:18:32,198 : INFO : Word2Vec lifecycle event {'msg': 'training model with 56 workers on 80 vocabulary and 320 features, using sg=1 hs=0 sample=0.001 negative=5 window=5 shrink_windows=True', 'datetime': '2025-07-24T10:18:32.198101', 'gensim': '4.2.0', 'python': '3.7.12 | packaged by conda-forge | (default, Oct 26 2021, 06:08:53) \n[GCC 9.4.0]', 'platform': 'Linux-5.4.0-144-generic-x86_64-with-debian-bullseye-sid', 'event': 'train'}
2025-07-24 10:18:32,222 : INFO : EPOCH 0: training on 8906 raw words (153 effective words) took 0.0s, 31753 effective words/s
2025-07-24 10:18:32,239 : INFO : EPOCH 1: training on 8906 raw words (157 effective words) took 0.0s, 33356 effective words/s
2025-07-24 10:18:32,256 : INFO : EPOCH 2: training on 8906 raw words (152 effective words) took 0.0s, 26930 effective words/s
2025-07-24 10:18:32,276 : INFO : EPOCH 3: training on 8906 raw words (177 effective words) took 0.0s, 30165 effective words/s
2025-07-24 10:18:32,295 : INFO : EPOCH 4: training on 8906 raw words (145 effective words) took 0.0s, 25999 effective words/s
2025-07-24 10:18:32,295 : INFO : Word2Vec lifecycle event {'msg': 'training on 44530 raw words (784 effective words) took 0.1s, 8071 effective words/s', 'datetime': '2025-07-24T10:18:32.295304', 'gensim': '4.2.0', 'python': '3.7.12 | packaged by conda-forge | (default, Oct 26 2021, 06:08:53) \n[GCC 9.4.0]', 'platform': 'Linux-5.4.0-144-generic-x86_64-with-debian-bullseye-sid', 'event': 'train'}
2025-07-24 10:18:32,295 : INFO : Word2Vec lifecycle event {'fname_or_handle': '/root/fsas/ESM-G2V/Data/Example/G2V/G2V.w2v', 'separately': 'None', 'sep_limit': 10485760, 'ignore': frozenset(), 'datetime': '2025-07-24T10:18:32.295489', 'gensim': '4.2.0', 'python': '3.7.12 | packaged by conda-forge | (default, Oct 26 2021, 06:08:53) \n[GCC 9.4.0]', 'platform': 'Linux-5.4.0-144-generic-x86_64-with-debian-bullseye-sid', 'event': 'saving'}
2025-07-24 10:18:32,295 : INFO : not storing attribute cum_table
2025-07-24 10:18:32,331 : INFO : saved /root/fsas/ESM-G2V/Data/Example/G2V/G2V.w2v
