Building DAG of jobs...
Using shell: /usr/bin/bash
Provided cores: 8
Rules claiming more threads will be scaled down.
Job stats:
job                     count
--------------------  -------
all                         1
exec_annotation             1
extract_embeddings          1
generate_genome_text        1
merge_embeddings            1
merge_faa                   1
merge_ko_cluster            1
mmseqs_cluster              1
predict                     1
process_cluster             1
process_gff                 1
train_word2vec              1
total                      12

Select jobs to execute...

[Thu Jul 24 10:02:46 2025]
rule merge_faa:
    input: /root/fsas/ESM-G2V/Data/Example/raw_files/raw_faa/3300036857_7.faa
    output: /root/fsas/ESM-G2V/Data/Example/deal_raw_data/merged.faa
    jobid: 5
    reason: Forced execution
    resources: tmpdir=/tmp

[Thu Jul 24 10:02:46 2025]
rule process_gff:
    input: /root/fsas/ESM-G2V/Data/Example/raw_files/raw_gff/3300036857_7.gff
    output: /root/fsas/ESM-G2V/Data/Example/deal_raw_data/deal_raw_gff/3300036857_7_output.txt
    jobid: 2
    reason: Forced execution
    wildcards: sample=3300036857_7
    resources: tmpdir=/tmp

[Thu Jul 24 10:02:46 2025]
rule extract_embeddings:
    input: /root/fsas/ESM-G2V/Data/Example/raw_files/raw_faa/3300036857_7.faa
    output: /root/fsas/ESM-G2V/Data/Example/deal_raw_data/faa_embedding
    jobid: 10
    reason: Forced execution
    resources: tmpdir=/tmp

[Thu Jul 24 10:03:41 2025]
Finished job 5.
1 of 12 steps (8%) done
[Thu Jul 24 10:03:41 2025]
Finished job 2.
2 of 12 steps (17%) done
Select jobs to execute...

[Thu Jul 24 10:03:41 2025]
rule mmseqs_cluster:
    input: /root/fsas/ESM-G2V/Data/Example/deal_raw_data/merged.faa
    output: /root/fsas/ESM-G2V/Data/Example/KO_identifiers/clusterRes_all_seqs.fasta
    jobid: 7
    reason: Input files updated by another job: /root/fsas/ESM-G2V/Data/Example/deal_raw_data/merged.faa
    resources: tmpdir=/tmp


[Thu Jul 24 10:03:41 2025]
rule exec_annotation:
    input: /root/fsas/ESM-G2V/Data/Example/deal_raw_data/merged.faa
    output: /root/fsas/ESM-G2V/Data/Example/KO_identifiers/ko_annotation.txt
    jobid: 4
    reason: Input files updated by another job: /root/fsas/ESM-G2V/Data/Example/deal_raw_data/merged.faa
    resources: tmpdir=/tmp

[Thu Jul 24 10:05:39 2025]
Finished job 7.
3 of 12 steps (25%) done
Select jobs to execute...

[Thu Jul 24 10:05:39 2025]
rule process_cluster:
    input: /root/fsas/ESM-G2V/Data/Example/KO_identifiers/clusterRes_all_seqs.fasta
    output: /root/fsas/ESM-G2V/Data/Example/KO_identifiers/clusterRes_ID.txt
    jobid: 6
    reason: Input files updated by another job: /root/fsas/ESM-G2V/Data/Example/KO_identifiers/clusterRes_all_seqs.fasta
    resources: tmpdir=/tmp

[Thu Jul 24 10:05:41 2025]
Finished job 6.
4 of 12 steps (33%) done
[Thu Jul 24 10:10:04 2025]
Finished job 10.
5 of 12 steps (42%) done
[Thu Jul 24 10:18:27 2025]
Finished job 4.
6 of 12 steps (50%) done
Select jobs to execute...

[Thu Jul 24 10:18:27 2025]
rule merge_ko_cluster:
    input: /root/fsas/ESM-G2V/Data/Example/KO_identifiers/ko_annotation.txt, /root/fsas/ESM-G2V/Data/Example/KO_identifiers/clusterRes_ID.txt
    output: /root/fsas/ESM-G2V/Data/Example/KO_identifiers/clusterRes_mapping.txt
    jobid: 3
    reason: Input files updated by another job: /root/fsas/ESM-G2V/Data/Example/KO_identifiers/ko_annotation.txt, /root/fsas/ESM-G2V/Data/Example/KO_identifiers/clusterRes_ID.txt
    resources: tmpdir=/tmp

[Thu Jul 24 10:18:29 2025]
Finished job 3.
7 of 12 steps (58%) done
Select jobs to execute...

[Thu Jul 24 10:18:29 2025]
rule generate_genome_text:
    input: /root/fsas/ESM-G2V/Data/Example/deal_raw_data/deal_raw_gff/3300036857_7_output.txt, /root/fsas/ESM-G2V/Data/Example/KO_identifiers/clusterRes_mapping.txt
    output: /root/fsas/ESM-G2V/Data/Example/KO_identifiers/genomo_text/processed_3300036857_7_output.txt
    jobid: 1
    reason: Input files updated by another job: /root/fsas/ESM-G2V/Data/Example/deal_raw_data/deal_raw_gff/3300036857_7_output.txt, /root/fsas/ESM-G2V/Data/Example/KO_identifiers/clusterRes_mapping.txt
    wildcards: sample=3300036857_7
    resources: tmpdir=/tmp

[Thu Jul 24 10:18:30 2025]
Finished job 1.
8 of 12 steps (67%) done
Select jobs to execute...

[Thu Jul 24 10:18:30 2025]
rule train_word2vec:
    input: /root/fsas/ESM-G2V/Data/Example/KO_identifiers/genomo_text/processed_3300036857_7_output.txt
    output: /root/fsas/ESM-G2V/Data/Example/G2V/G2V.w2v
    jobid: 11
    reason: Input files updated by another job: /root/fsas/ESM-G2V/Data/Example/KO_identifiers/genomo_text/processed_3300036857_7_output.txt
    resources: tmpdir=/tmp

[Thu Jul 24 10:18:32 2025]
Finished job 11.
9 of 12 steps (75%) done
Select jobs to execute...

[Thu Jul 24 10:18:32 2025]
rule merge_embeddings:
    input: /root/fsas/ESM-G2V/Data/Example/deal_raw_data/faa_embedding, /root/fsas/ESM-G2V/Data/Example/G2V/G2V.w2v, /root/fsas/ESM-G2V/Data/Example/KO_identifiers/clusterRes_mapping.txt
    output: /root/fsas/ESM-G2V/Data/Example/merge_embedding
    jobid: 9
    reason: Input files updated by another job: /root/fsas/ESM-G2V/Data/Example/G2V/G2V.w2v, /root/fsas/ESM-G2V/Data/Example/KO_identifiers/clusterRes_mapping.txt, /root/fsas/ESM-G2V/Data/Example/deal_raw_data/faa_embedding
    resources: tmpdir=/tmp

[Thu Jul 24 10:18:49 2025]
Finished job 9.
10 of 12 steps (83%) done
Select jobs to execute...

[Thu Jul 24 10:18:49 2025]
rule predict:
    input: /root/fsas/ESM-G2V/Data/Example/merge_embedding, /root/fsas/ESM-G2V/model/ESM_gene2vec.h5
    output: /root/fsas/ESM-G2V/Data/Example/predictions
    jobid: 8
    reason: Input files updated by another job: /root/fsas/ESM-G2V/Data/Example/merge_embedding
    resources: tmpdir=/tmp

[Thu Jul 24 10:19:32 2025]
Finished job 8.
11 of 12 steps (92%) done
Select jobs to execute...

[Thu Jul 24 10:19:32 2025]
localrule all:
    input: /root/fsas/ESM-G2V/Data/Example/KO_identifiers/genomo_text/processed_3300036857_7_output.txt, /root/fsas/ESM-G2V/Data/Example/predictions, /root/fsas/ESM-G2V/Data/Example/G2V/G2V.w2v
    jobid: 0
    reason: Input files updated by another job: /root/fsas/ESM-G2V/Data/Example/G2V/G2V.w2v, /root/fsas/ESM-G2V/Data/Example/KO_identifiers/genomo_text/processed_3300036857_7_output.txt, /root/fsas/ESM-G2V/Data/Example/predictions
    resources: tmpdir=/tmp

[Thu Jul 24 10:19:32 2025]
Finished job 0.
12 of 12 steps (100%) done
Complete log: .snakemake/log/2025-07-24T100245.789917.snakemake.log
